<?xml version="1.0" encoding="UTF-8"?>
<testng-results ignored="0" total="1" passed="1" failed="0" skipped="0">
  <reporter-output>
  </reporter-output>
  <suite started-at="2020-12-18T05:18:31Z" name="Default suite" finished-at="2020-12-18T05:20:12Z" duration-ms="100699">
    <groups>
    </groups>
    <test started-at="2020-12-18T05:18:31Z" name="Default test" finished-at="2020-12-18T05:20:12Z" duration-ms="100699">
      <class name="sel4.AllureReportsTestNG">
        <test-method signature="NewTAB()[pri:0, instance:sel4.AllureReportsTestNG@7d42c224]" started-at="2020-12-18T05:18:31Z" name="NewTAB" finished-at="2020-12-18T05:20:11Z" duration-ms="99797" status="PASS">
          <reporter-output>
          </reporter-output>
        </test-method> <!-- NewTAB -->
      </class> <!-- sel4.AllureReportsTestNG -->
    </test> <!-- Default test -->
  </suite> <!-- Default suite -->
</testng-results>
